<?xml version="1.0" encoding="UTF-8"?>
<!-- Generated by org.testng.reporters.JUnitReportReporter -->
<testsuite hostname="SANDYPC" name="com.qtpselenium.suite.productdisplay.TestCase_C1" tests="4" failures="4" timestamp="8 Sep 2016 10:49:55 GMT" time="0.005" errors="0">
  <testcase name="testcaseC1" time="0.002" classname="com.qtpselenium.suite.productdisplay.TestCase_C1"/>
  <testcase name="testcaseC1" time="0.001" classname="com.qtpselenium.suite.productdisplay.TestCase_C1"/>
  <testcase name="testcaseC1" time="0.001" classname="com.qtpselenium.suite.productdisplay.TestCase_C1"/>
  <testcase name="testcaseC1" time="0.001" classname="com.qtpselenium.suite.productdisplay.TestCase_C1"/>
</testsuite> <!-- com.qtpselenium.suite.productdisplay.TestCase_C1 -->
