<?xml version="1.0" encoding="UTF-8"?>
<!-- Generated by org.testng.reporters.JUnitReportReporter -->
<testsuite hostname="SANDYPC" name="com.qtpselenium.suite.shop.AddProductTest" tests="3" failures="3" timestamp="8 Sep 2016 10:49:55 GMT" time="0.003" errors="0">
  <testcase name="addProductToBasket" time="0.001" classname="com.qtpselenium.suite.shop.AddProductTest"/>
  <testcase name="addProductToBasket" time="0.001" classname="com.qtpselenium.suite.shop.AddProductTest"/>
  <testcase name="addProductToBasket" time="0.001" classname="com.qtpselenium.suite.shop.AddProductTest"/>
</testsuite> <!-- com.qtpselenium.suite.shop.AddProductTest -->
