<?xml version="1.0" encoding="UTF-8"?>
<!-- Generated by org.testng.reporters.JUnitReportReporter -->
<testsuite hostname="SANDYPC" name="com.qtpselenium.suite.cart.TestCase_B2" tests="1" failures="1" timestamp="8 Sep 2016 10:49:55 GMT" time="0.000" errors="0">
  <testcase name="testcaseB2" time="0.000" classname="com.qtpselenium.suite.cart.TestCase_B2"/>
</testsuite> <!-- com.qtpselenium.suite.cart.TestCase_B2 -->
