<?xml version="1.0" encoding="UTF-8"?>
<!-- Generated by org.testng.reporters.JUnitReportReporter -->
<testsuite hostname="SANDYPC" name="TestCases.TestTrackOrder" tests="1" failures="0" timestamp="12 Sep 2016 19:49:03 GMT" time="11.858" errors="0">
  <testcase name="testTrackOrdrer" time="11.858" classname="TestCases.TestTrackOrder"/>
</testsuite> <!-- TestCases.TestTrackOrder -->
