<?xml version="1.0" encoding="UTF-8"?>
<!-- Generated by org.testng.reporters.JUnitReportReporter -->
<testsuite hostname="SANDYPC" name="com.qtpselenium.suite.shop.CheckProductDisplay" tests="1" failures="1" timestamp="8 Sep 2016 10:49:55 GMT" time="0.001" errors="0">
  <testcase name="testcaseA1" time="0.001" classname="com.qtpselenium.suite.shop.CheckProductDisplay"/>
</testsuite> <!-- com.qtpselenium.suite.shop.CheckProductDisplay -->
